<?xml version="1.0" encoding="UTF-8"?>
<testsuite name="SumCalculatorTests" tests="3" skipped="0" failures="0" errors="0" timestamp="2023-08-21T12:32:42" hostname="DESKTOP-3ITK3UA" time="0.083">
  <properties/>
  <testcase name="testThatSumWorksCorrectForOne()" classname="SumCalculatorTests" time="0.058"/>
  <testcase name="testThatSumWorksCorrectForZero()" classname="SumCalculatorTests" time="0.009"/>
  <testcase name="testThatSumWorksCorrectForThree()" classname="SumCalculatorTests" time="0.003"/>
  <system-out><![CDATA[]]></system-out>
  <system-err><![CDATA[]]></system-err>
</testsuite>
